<?xml version="1.0" encoding="UTF-8"?>
<!-- Generated by org.testng.reporters.JUnitReportReporter -->
<testsuite hostname="LAPTOP-VOGU50DD" failures="0" tests="17" name="com.cognizant.INB.Tests" time="37.806" errors="0" timestamp="2023-07-20T11:30:20 IST" skipped="0">
  <testcase classname="com.cognizant.INB.Tests" name="elementCall_newBike" time="3.842"/>
  <testcase classname="com.cognizant.INB.Tests" name="elementCall_upcomingBikes" time="5.697"/>
  <testcase classname="com.cognizant.INB.Tests" name="elementCall_dropDown" time="0.803"/>
  <testcase classname="com.cognizant.INB.Tests" name="elementCall_hondaClick" time="1.431"/>
  <testcase classname="com.cognizant.INB.Tests" name="elementCall_hondaScroll" time="0.117"/>
  <testcase classname="com.cognizant.INB.Tests" name="elementCall_list" time="3.659"/>
  <testcase classname="com.cognizant.INB.Tests" name="useCar_home" time="3.079"/>
  <testcase classname="com.cognizant.INB.Tests" name="useCar_usedCar" time="2.140"/>
  <testcase classname="com.cognizant.INB.Tests" name="useCar_ChooseCity" time="5.054"/>
  <testcase classname="com.cognizant.INB.Tests" name="useCar_scroll" time="0.687"/>
  <testcase classname="com.cognizant.INB.Tests" name="useCar_list" time="1.137"/>
  <testcase classname="com.cognizant.INB.Tests" name="login_home" time="3.079"/>
  <testcase classname="com.cognizant.INB.Tests" name="loginClick" time="3.302"/>
  <testcase classname="com.cognizant.INB.Tests" name="googleClick" time="0.453"/>
  <testcase classname="com.cognizant.INB.Tests" name="windowHandle" time="0.176"/>
  <testcase classname="com.cognizant.INB.Tests" name="emailClick" time="1.971"/>
  <testcase classname="com.cognizant.INB.Tests" name="nextButton" time="1.179"/>
</testsuite> <!-- com.cognizant.INB.Tests -->
